Ansys Lumerical 2022 R1.4 FDTD Solver Version 8.27.3044 (Linux 64bit)
 expires (month/day/year): 5/2/2023
using config file: Ansys Licensing set with ANSYSLMD_LICENSE_FILE
license host: 1055@10.75.13.24
current time: ter nov 8 13:54:06 2022
Running on host: fotonica01-System-Product-Name
host available memory (GB): 25.869427
All processes are communicating and ready to proceed to simulation...
Running fsp file: /opt/lumerical/v221/bin/fdtd-engine-mpich2nem -t 1 -remote -shared-solve-license QU5TWVNDTF9DT05URVhUX0RBVEE9PEFOU1lTQ0xfQ09OVEVYVF9EQVRBPjxJRD44ZDJkMGM4NS0zN2E3LTQ5OTEtYWM5Ni1hNDg1YTM5OGQ0ZGY8L0lEPjxUWVBFPkFQUF9ERUZJTkVEPC9UWVBFPjxOQU1FPmx1bV9zdGFuZGFyZF9zb2x2ZV9zaGFyZTwvTkFNRT48SEFORExFUj41MTE4NUBmb3RvbmljYTAxLVN5c3RlbS1Qcm9kdWN0LU5hbWU8L0hBTkRMRVI+PC9BTlNZU0NMX0NPTlRFWFRfREFUQT4KQU5TWVNfQ09OVEVYVF9JRD04ZDJkMGM4NS0zN2E3LTQ5OTEtYWM5Ni1hNDg1YTM5OGQ0ZGYKQU5TWVNfQ09OVEVYVF9TRVJWRVI9NTExODVAZm90b25pY2EwMS1TeXN0ZW0tUHJvZHVjdC1OYW1lCg== /home/moises/Documentos/GitHub/hybrid/BEND.fsp
Starting meshing
Simulation size in gridpoints: 1 x 155 x 85
Refined 0 mesh cells (0%)
Completed meshing!
Meshing complete in 0.005035 seconds of CPU time
Starting meshing
Simulation size in gridpoints: 1 x 155 x 85
Refined 0 mesh cells (0%)
Completed meshing!
Meshing complete in 0.005943 seconds of CPU time
Starting meshing
Simulation size in gridpoints: 1 x 155 x 85
Refined 0 mesh cells (0%)
Completed meshing!
Meshing complete in 0.007108 seconds of CPU time
Starting meshing
Simulation size in gridpoints: 1 x 155 x 85
Refined 0 mesh cells (0%)
Completed meshing!
Meshing complete in 0.004837 seconds of CPU time
Starting meshing
Simulation size in gridpoints: 1 x 155 x 85
Refined 0 mesh cells (0%)
Completed meshing!
Meshing complete in 0.005588 seconds of CPU time
Starting meshing
Simulation size in gridpoints: 1 x 155 x 85
Refined 0 mesh cells (0%)
Completed meshing!
Meshing complete in 0.00656 seconds of CPU time
left is a duplicate key.
bottom is a duplicate key.
z1 is a duplicate key.
z2 is a duplicate key.
Nx is a duplicate key.
Ny is a duplicate key.
Nz is a duplicate key.
Starting meshing
Simulation size in gridpoints: 154 x 1 x 85
Refined 0 mesh cells (0%)
Completed meshing!
Meshing complete in 0.005486 seconds of CPU time
Starting meshing
Simulation size in gridpoints: 154 x 1 x 85
Refined 0 mesh cells (0%)
Completed meshing!
Meshing complete in 0.004335 seconds of CPU time
Starting meshing
Simulation size in gridpoints: 154 x 1 x 85
Refined 0 mesh cells (0%)
Completed meshing!
Meshing complete in 0.006473 seconds of CPU time
left is a duplicate key.
bottom is a duplicate key.
z1 is a duplicate key.
z2 is a duplicate key.
Nx is a duplicate key.
Ny is a duplicate key.
Nz is a duplicate key.
number of processors is 6
processors are distributed as: 2x3x1
Running 3D Simulation
Starting meshing
Simulation size in gridpoints: 148 x 101 x 99
Refined 0 mesh cells (0%)
Completed meshing!
Meshing complete in 0.502988 seconds of CPU time
0 0
Starting meshing
Simulation size in gridpoints: 148 x 101 x 99
Refined 0 mesh cells (0%)
Completed meshing!
Meshing complete in 0.620724 seconds of CPU time
0 0
Starting meshing
Simulation size in gridpoints: 148 x 101 x 99
Refined 0 mesh cells (0%)
Completed meshing!
Meshing complete in 0.995948 seconds of CPU time
0 0
finished material properties
Meshing Time: 1.53528 seconds, Init Electrical Material Time: 0.143712 seconds, Init Magnetic Material Time: 0.003828
Using selected optimization level: 2
Selecting 3d kernel for splitFieldDirection=0 and optLevel=2
-----------------------------------------
Beginning initialization of 3D Simulation
Starting to add sources to simulation
Adding 3D Mode source propagating in X
Using frequency dependent profile
Starting to add boundary conditions to simulation
Adding 3D PML BC
Adding 3D Parallel BC
Adding 3D PML BC
Adding 3D Parallel BC
Adding 3D PML BC
Adding 3D PML BC
Starting to add monitors to Simulation
Adding analysis monitor
Adding 3D DFT monitor
Adding 3D DFT monitor
Adding 3D DFT monitor
Finished initialization of 3D Simulation
-----------------------------------------
All processes are communicating and ready to proceed to simulation...
Starting 33665 total iterations
0.142581% complete. Max time remaining: 27 mins, 50 secs. Auto Shutoff: 1
1.23571% complete. Max time remaining: 31 mins, 26 secs. Auto Shutoff: 1
2.32883% complete. Max time remaining: 29 mins, 49 secs. Auto Shutoff: 1
3.37443% complete. Max time remaining: 28 mins, 6 secs. Auto Shutoff: 1
4.42002% complete. Max time remaining: 26 mins, 57 secs. Auto Shutoff: 1
5.46562% complete. Max time remaining: 26 mins, 8 secs. Auto Shutoff: 1.01382
6.51122% complete. Max time remaining: 25 mins, 30 secs. Auto Shutoff: 0.973579
7.55681% complete. Max time remaining: 24 mins, 57 secs. Auto Shutoff: 0.968973
8.60241% complete. Max time remaining: 24 mins, 31 secs. Auto Shutoff: 0.979488
9.64801% complete. Max time remaining: 24 mins, 7 secs. Auto Shutoff: 0.951708
10.6936% complete. Max time remaining: 23 mins, 44 secs. Auto Shutoff: 0.477668
11.7392% complete. Max time remaining: 23 mins, 23 secs. Auto Shutoff: 0.139403
12.7848% complete. Max time remaining: 23 mins, 2 secs. Auto Shutoff: 0.0532619
13.8304% complete. Max time remaining: 22 mins, 42 secs. Auto Shutoff: 0.0219277
14.876% complete. Max time remaining: 22 mins, 22 secs. Auto Shutoff: 0.0111237
15.9216% complete. Max time remaining: 22 mins, 4 secs. Auto Shutoff: 0.0135555
16.9672% complete. Max time remaining: 21 mins, 45 secs. Auto Shutoff: 0.0130234
