Ansys Lumerical 2022 R1.4 FDTD Solver Version 8.27.3044 (Linux 64bit)
 expires (month/day/year): 5/2/2023
using config file: Ansys Licensing set with ANSYSLMD_LICENSE_FILE
license host: 1055@10.75.13.24
current time: qui nov 10 06:46:03 2022
Running on host: fotonica01-System-Product-Name
host available memory (GB): 30.435549
All processes are communicating and ready to proceed to simulation...
Running fsp file: /opt/lumerical/v221/bin/fdtd-engine-mpich2nem -t 1 -remote -shared-solve-license QU5TWVNDTF9DT05URVhUX0RBVEE9PEFOU1lTQ0xfQ09OVEVYVF9EQVRBPjxJRD4yZmVkMGY0Ni03NThhLTQ4YjAtYTRlOC05ZjZiZDM1ZTljNmM8L0lEPjxUWVBFPkFQUF9ERUZJTkVEPC9UWVBFPjxOQU1FPmx1bV9zdGFuZGFyZF9zb2x2ZV9zaGFyZTwvTkFNRT48SEFORExFUj41MTE4NUBmb3RvbmljYTAxLVN5c3RlbS1Qcm9kdWN0LU5hbWU8L0hBTkRMRVI+PC9BTlNZU0NMX0NPTlRFWFRfREFUQT4KQU5TWVNfQ09OVEVYVF9JRD0yZmVkMGY0Ni03NThhLTQ4YjAtYTRlOC05ZjZiZDM1ZTljNmMKQU5TWVNfQ09OVEVYVF9TRVJWRVI9NTExODVAZm90b25pY2EwMS1TeXN0ZW0tUHJvZHVjdC1OYW1lCg== /home/moises/Documentos/GitHub/hybrid/MMI.fsp
Starting meshing
Simulation size in gridpoints: 1 x 218 x 110
Refined 0 mesh cells (0%)
Completed meshing!
Meshing complete in 0.006003 seconds of CPU time
Starting meshing
Simulation size in gridpoints: 1 x 218 x 110
Refined 0 mesh cells (0%)
Completed meshing!
Meshing complete in 0.005975 seconds of CPU time
Starting meshing
Simulation size in gridpoints: 1 x 218 x 110
Refined 0 mesh cells (0%)
Completed meshing!
Meshing complete in 0.00574 seconds of CPU time
Starting meshing
Simulation size in gridpoints: 1 x 218 x 110
Refined 0 mesh cells (0%)
Completed meshing!
Meshing complete in 0.004626 seconds of CPU time
Starting meshing
Simulation size in gridpoints: 1 x 218 x 110
Refined 0 mesh cells (0%)
Completed meshing!
Meshing complete in 0.00448 seconds of CPU time
Starting meshing
Simulation size in gridpoints: 1 x 218 x 110
Refined 0 mesh cells (0%)
Completed meshing!
Meshing complete in 0.004481 seconds of CPU time
left is a duplicate key.
bottom is a duplicate key.
z1 is a duplicate key.
z2 is a duplicate key.
Nx is a duplicate key.
Ny is a duplicate key.
Nz is a duplicate key.
Starting meshing
Simulation size in gridpoints: 1 x 218 x 110
Refined 0 mesh cells (0%)
Completed meshing!
Meshing complete in 0.004578 seconds of CPU time
Starting meshing
Simulation size in gridpoints: 1 x 218 x 110
Refined 0 mesh cells (0%)
Completed meshing!
Meshing complete in 0.004959 seconds of CPU time
Starting meshing
Simulation size in gridpoints: 1 x 218 x 110
Refined 0 mesh cells (0%)
Completed meshing!
Meshing complete in 0.005142 seconds of CPU time
left is a duplicate key.
bottom is a duplicate key.
z1 is a duplicate key.
z2 is a duplicate key.
Nx is a duplicate key.
Ny is a duplicate key.
Nz is a duplicate key.
Starting meshing
Simulation size in gridpoints: 1 x 218 x 110
Refined 0 mesh cells (0%)
Completed meshing!
Meshing complete in 0.004575 seconds of CPU time
Starting meshing
Simulation size in gridpoints: 1 x 218 x 110
Refined 0 mesh cells (0%)
Completed meshing!
Meshing complete in 0.004461 seconds of CPU time
Starting meshing
Simulation size in gridpoints: 1 x 218 x 110
Refined 0 mesh cells (0%)
Completed meshing!
Meshing complete in 0.004508 seconds of CPU time
left is a duplicate key.
bottom is a duplicate key.
z1 is a duplicate key.
z2 is a duplicate key.
Nx is a duplicate key.
Ny is a duplicate key.
Nz is a duplicate key.
Starting meshing
Simulation size in gridpoints: 1 x 218 x 110
Refined 0 mesh cells (0%)
Completed meshing!
Meshing complete in 0.004587 seconds of CPU time
Starting meshing
Simulation size in gridpoints: 1 x 218 x 110
Refined 0 mesh cells (0%)
Completed meshing!
Meshing complete in 0.004815 seconds of CPU time
Starting meshing
Simulation size in gridpoints: 1 x 218 x 110
Refined 0 mesh cells (0%)
Completed meshing!
Meshing complete in 0.005151 seconds of CPU time
left is a duplicate key.
bottom is a duplicate key.
z1 is a duplicate key.
z2 is a duplicate key.
Nx is a duplicate key.
Ny is a duplicate key.
Nz is a duplicate key.
number of processors is 6
processors are distributed as: 6x1x1
Running 3D Simulation
Starting meshing
Simulation size in gridpoints: 281 x 532 x 124
Refined 0 mesh cells (0%)
Completed meshing!
Meshing complete in 14.2765 seconds of CPU time
0 0
Starting meshing
Simulation size in gridpoints: 281 x 532 x 124
Refined 0 mesh cells (0%)
Completed meshing!
Meshing complete in 13.6971 seconds of CPU time
0 0
Starting meshing
Simulation size in gridpoints: 281 x 532 x 124
Refined 0 mesh cells (0%)
Completed meshing!
Meshing complete in 14.6901 seconds of CPU time
0 0
finished material properties
Meshing Time: 30.2536 seconds, Init Electrical Material Time: 1.82333 seconds, Init Magnetic Material Time: 0.059977
Using selected optimization level: 2
Selecting 3d kernel for splitFieldDirection=0 and optLevel=2
-----------------------------------------
Beginning initialization of 3D Simulation
Starting to add sources to simulation
Adding 3D Mode source propagating in X
Using frequency dependent profile
Starting to add boundary conditions to simulation
Adding 3D PML BC
Adding 3D Parallel BC
Adding 3D PML BC
Adding 3D PML BC
Adding 3D PML BC
Adding 3D PML BC
Starting to add monitors to Simulation
Adding analysis monitor
Adding 3D DFT monitor
Adding 3D DFT monitor
Adding 3D DFT monitor
Adding 3D DFT monitor
Adding 3D DFT monitor
Finished initialization of 3D Simulation
-----------------------------------------
All processes are communicating and ready to proceed to simulation...
Starting 41040 total iterations
0.0584794% complete. Max time remaining: 6 hrs, 40 mins, 13 secs. Auto Shutoff: 1
