Ansys Lumerical 2022 R1.4 FDTD Solver Version 8.27.3044 (Linux 64bit)
 expires (month/day/year): 5/2/2023
using config file: Ansys Licensing set with ANSYSLMD_LICENSE_FILE
license host: 1055@10.75.13.24
current time: ter nov 8 11:30:04 2022
Running on host: fotonica01-System-Product-Name
host available memory (GB): 26.886656
All processes are communicating and ready to proceed to simulation...
Running fsp file: /opt/lumerical/v221/bin/fdtd-engine-mpich2nem -t 1 -remote -shared-solve-license QU5TWVNDTF9DT05URVhUX0RBVEE9PEFOU1lTQ0xfQ09OVEVYVF9EQVRBPjxJRD4wYzk2Y2Q1YS0xN2Y5LTQwNGUtODM5Ny1jZTlhYWIxNzcxM2Y8L0lEPjxUWVBFPkFQUF9ERUZJTkVEPC9UWVBFPjxOQU1FPmx1bV9zdGFuZGFyZF9zb2x2ZV9zaGFyZTwvTkFNRT48SEFORExFUj41MTE4NUBmb3RvbmljYTAxLVN5c3RlbS1Qcm9kdWN0LU5hbWU8L0hBTkRMRVI+PC9BTlNZU0NMX0NPTlRFWFRfREFUQT4KQU5TWVNfQ09OVEVYVF9JRD0wYzk2Y2Q1YS0xN2Y5LTQwNGUtODM5Ny1jZTlhYWIxNzcxM2YKQU5TWVNfQ09OVEVYVF9TRVJWRVI9NTExODVAZm90b25pY2EwMS1TeXN0ZW0tUHJvZHVjdC1OYW1lCg== /home/moises/Documentos/GitHub/hybrid/Y_Branch.fsp
Starting meshing
Simulation size in gridpoints: 1 x 167 x 128
Refined 0 mesh cells (0%)
Completed meshing!
Meshing complete in 0.006776 seconds of CPU time
Starting meshing
Simulation size in gridpoints: 1 x 167 x 128
Refined 0 mesh cells (0%)
Completed meshing!
Meshing complete in 0.00668 seconds of CPU time
Starting meshing
Simulation size in gridpoints: 1 x 167 x 128
Refined 0 mesh cells (0%)
Completed meshing!
Meshing complete in 0.006464 seconds of CPU time
Starting meshing
Simulation size in gridpoints: 1 x 167 x 128
Refined 0 mesh cells (0%)
Completed meshing!
Meshing complete in 0.00553 seconds of CPU time
Starting meshing
Simulation size in gridpoints: 1 x 167 x 128
Refined 0 mesh cells (0%)
Completed meshing!
Meshing complete in 0.005355 seconds of CPU time
Starting meshing
Simulation size in gridpoints: 1 x 167 x 128
Refined 0 mesh cells (0%)
Completed meshing!
Meshing complete in 0.005353 seconds of CPU time
left is a duplicate key.
bottom is a duplicate key.
z1 is a duplicate key.
z2 is a duplicate key.
Nx is a duplicate key.
Ny is a duplicate key.
Nz is a duplicate key.
Starting meshing
Simulation size in gridpoints: 1 x 56 x 128
Refined 0 mesh cells (0%)
Completed meshing!
Meshing complete in 0.002488 seconds of CPU time
Starting meshing
Simulation size in gridpoints: 1 x 56 x 128
Refined 0 mesh cells (0%)
Completed meshing!
Meshing complete in 0.002387 seconds of CPU time
Starting meshing
Simulation size in gridpoints: 1 x 56 x 128
Refined 0 mesh cells (0%)
Completed meshing!
Meshing complete in 0.002428 seconds of CPU time
left is a duplicate key.
bottom is a duplicate key.
z1 is a duplicate key.
z2 is a duplicate key.
Nx is a duplicate key.
Ny is a duplicate key.
Nz is a duplicate key.
Starting meshing
Simulation size in gridpoints: 1 x 57 x 128
Refined 0 mesh cells (0%)
Completed meshing!
Meshing complete in 0.002548 seconds of CPU time
Starting meshing
Simulation size in gridpoints: 1 x 57 x 128
Refined 0 mesh cells (0%)
Completed meshing!
Meshing complete in 0.002453 seconds of CPU time
Starting meshing
Simulation size in gridpoints: 1 x 57 x 128
Refined 0 mesh cells (0%)
Completed meshing!
Meshing complete in 0.002484 seconds of CPU time
left is a duplicate key.
bottom is a duplicate key.
z1 is a duplicate key.
z2 is a duplicate key.
Nx is a duplicate key.
Ny is a duplicate key.
Nz is a duplicate key.
number of processors is 6
processors are distributed as: 3x2x1
Running 3D Simulation
Starting meshing
Simulation size in gridpoints: 79 x 107 x 142
Refined 0 mesh cells (0%)
Completed meshing!
Meshing complete in 0.473081 seconds of CPU time
24744 24744
Starting meshing
Simulation size in gridpoints: 79 x 107 x 142
Refined 0 mesh cells (0%)
Completed meshing!
Meshing complete in 0.450893 seconds of CPU time
27048 27048
Starting meshing
Simulation size in gridpoints: 79 x 107 x 142
Refined 0 mesh cells (0%)
Completed meshing!
Meshing complete in 0.462379 seconds of CPU time
10272 10272
finished material properties
Meshing Time: 0.964073 seconds, Init Electrical Material Time: 0.150845 seconds, Init Magnetic Material Time: 0.003221
Using selected optimization level: 2
Selecting 3d kernel for splitFieldDirection=0 and optLevel=2
-----------------------------------------
Beginning initialization of 3D Simulation
Starting to add sources to simulation
Adding 3D Mode source propagating in X
Using frequency dependent profile
Starting to add boundary conditions to simulation
Adding 3D PML BC
Adding 3D Parallel BC
Adding 3D PML BC
Adding 3D Parallel BC
Adding 3D PML BC
Adding 3D PML BC
Starting to add monitors to Simulation
Adding analysis monitor
Adding 3D DFT monitor
Adding 3D DFT monitor
Adding 3D DFT monitor
Adding 3D DFT monitor
Finished initialization of 3D Simulation
-----------------------------------------
All processes are communicating and ready to proceed to simulation...
Starting 50955 total iterations
0.0942005% complete. Max time remaining: 34 mins, 56 secs. Auto Shutoff: 1
1.09901% complete. Max time remaining: 34 mins, 58 secs. Auto Shutoff: 1
2.10381% complete. Max time remaining: 35 mins, 23 secs. Auto Shutoff: 1
3.10862% complete. Max time remaining: 35 mins, 41 secs. Auto Shutoff: 1
4.11342% complete. Max time remaining: 35 mins, 16 secs. Auto Shutoff: 1
5.11823% complete. Max time remaining: 34 mins, 37 secs. Auto Shutoff: 1
6.12303% complete. Max time remaining: 34 mins, 2 secs. Auto Shutoff: 0.0633413
7.12784% complete. Max time remaining: 33 mins, 31 secs. Auto Shutoff: 0.0608646
8.13264% complete. Max time remaining: 33 mins, 3 secs. Auto Shutoff: 0.0140649
9.13745% complete. Max time remaining: 32 mins, 35 secs. Auto Shutoff: 0.00474139
10.1423% complete. Max time remaining: 32 mins, 8 secs. Auto Shutoff: 0.00100391
11.1471% complete. Max time remaining: 31 mins, 42 secs. Auto Shutoff: 0.00102656
12.1519% complete. Max time remaining: 31 mins, 17 secs. Auto Shutoff: 0.000372704
13.1567% complete. Max time remaining: 30 mins, 55 secs. Auto Shutoff: 0.00012746
14.1615% complete. Max time remaining: 30 mins, 33 secs. Auto Shutoff: 5.61741e-05
15.1663% complete. Max time remaining: 30 mins, 7 secs. Auto Shutoff: 2.76055e-05
16.1711% complete. Max time remaining: 29 mins, 42 secs. Auto Shutoff: 1.56165e-05
100% complete. Max time remaining: 0 mins, 0 secs. Auto Shutoff: 9.29709e-06
Early termination of simulation, the autoshutoff criteria are satisfied.
Completed 8498 iterations, or 2.084677e-13s of Simulation Time
Process 0 starting to collect data
    collecting monitor data
    collecting source data
Using frequency dependent profile
Finished collecting data
left is a duplicate key.
bottom is a duplicate key.
z1 is a duplicate key.
z2 is a duplicate key.
Nx is a duplicate key.
Ny is a duplicate key.
Nz is a duplicate key.
left is a duplicate key.
bottom is a duplicate key.
z1 is a duplicate key.
z2 is a duplicate key.
Nx is a duplicate key.
Ny is a duplicate key.
Nz is a duplicate key.
left is a duplicate key.
bottom is a duplicate key.
z1 is a duplicate key.
z2 is a duplicate key.
Nx is a duplicate key.
Ny is a duplicate key.
Nz is a duplicate key.
Simulation completed successfully at: ter nov 8 11:36:30 2022
Overall wall time measurements in seconds: 387.067
    time to mesh and initialize: 4.06508
    time to run FDTD simulation: 354.207
    time to checkpoint simulation: 1e-06
    time to finalize data and save to files: 12.8619
    miscellaneous time: 15.9324
    FDTD solver speed on process 0: 28.7978 Mnodes/s
    total FDTD solver speed on 6 processes: 172.787 Mnodes/s
